13:30:10 **** Incremental Build of configuration Release for project Calculator ****
make all 
Building file: ../main.c
Invoking: AVR Compiler
avr-gcc -Wall -Os -fpack-struct -fshort-enums -ffunction-sections -fdata-sections -std=gnu99 -funsigned-char -funsigned-bitfields -mmcu=atmega88p -DF_CPU=1000000UL -MMD -MP -MF"main.d" -MT"main.o" -c -o "main.o" "../main.c"
../main.c:29:6: warning: return type of ‘main’ is not ‘int’ [-Wmain]
 void main(void){
      ^
Finished building: ../main.c
 
Building target: Calculator.elf
Invoking: AVR C Linker
avr-gcc -Wl,-Map,Calculator.map -mmcu=atmega88p -o "Calculator.elf"  ./main.o   
Finished building target: Calculator.elf
 
Invoking: AVR Create Extended Listing
avr-objdump -h -S Calculator.elf  >"Calculator.lss"
Finished building: Calculator.lss
 
Create Flash image (ihex format)
avr-objcopy -R .eeprom -R .fuse -R .lock -R .signature -O ihex Calculator.elf  "Calculator.hex"
Finished building: Calculator.hex
 
Create eeprom image (ihex format)
avr-objcopy -j .eeprom --no-change-warnings --change-section-lma .eeprom=0 -O ihex Calculator.elf  "Calculator.eep"
Finished building: Calculator.eep
 
Invoking: Print Size
avr-size --format=avr --mcu=atmega88p Calculator.elf
AVR Memory Usage
----------------
Device: atmega88p

Program:     504 bytes (6.2% Full)
(.text + .data + .bootloader)

Data:          8 bytes (0.8% Full)
(.data + .bss + .noinit)


Finished building: sizedummy
 
